I, [2016-04-11T19:16:08.776104 #12951]  INFO -- : Started GET "/movies/1" for ::1 at 2016-04-11 19:16:08 -0300
I, [2016-04-11T19:16:08.785333 #12951]  INFO -- : Processing by MoviesController#show as HTML
I, [2016-04-11T19:16:08.785413 #12951]  INFO -- :   Parameters: {"id"=>"1"}
I, [2016-04-11T19:16:08.797504 #12951]  INFO -- : Completed 500 Internal Server Error in 12ms (ActiveRecord: 0.6ms)
F, [2016-04-11T19:16:08.799224 #12951] FATAL -- : 
ActiveRecord::StatementInvalid (Could not find table 'movies'):
  app/controllers/movies_controller.rb:68:in `set_movie'


I, [2016-04-11T19:16:09.727112 #12951]  INFO -- : Started GET "/favicon.ico" for ::1 at 2016-04-11 19:16:09 -0300
F, [2016-04-11T19:16:09.728809 #12951] FATAL -- : 
ActionController::RoutingError (No route matches [GET] "/favicon.ico"):
  actionpack (4.2.5) lib/action_dispatch/middleware/debug_exceptions.rb:21:in `call'
  actionpack (4.2.5) lib/action_dispatch/middleware/show_exceptions.rb:30:in `call'
  railties (4.2.5) lib/rails/rack/logger.rb:38:in `call_app'
  railties (4.2.5) lib/rails/rack/logger.rb:20:in `block in call'
  activesupport (4.2.5) lib/active_support/tagged_logging.rb:68:in `block in tagged'
  activesupport (4.2.5) lib/active_support/tagged_logging.rb:26:in `tagged'
  activesupport (4.2.5) lib/active_support/tagged_logging.rb:68:in `tagged'
  railties (4.2.5) lib/rails/rack/logger.rb:20:in `call'
  actionpack (4.2.5) lib/action_dispatch/middleware/request_id.rb:21:in `call'
  rack (1.6.4) lib/rack/methodoverride.rb:22:in `call'
  rack (1.6.4) lib/rack/runtime.rb:18:in `call'
  activesupport (4.2.5) lib/active_support/cache/strategy/local_cache_middleware.rb:28:in `call'
  rack (1.6.4) lib/rack/sendfile.rb:113:in `call'
  railties (4.2.5) lib/rails/engine.rb:518:in `call'
  railties (4.2.5) lib/rails/application.rb:165:in `call'
  rack (1.6.4) lib/rack/lock.rb:17:in `call'
  rack (1.6.4) lib/rack/content_length.rb:15:in `call'
  rack (1.6.4) lib/rack/handler/webrick.rb:88:in `service'
  /Users/rpepato/.rvm/rubies/ruby-2.2.3/lib/ruby/2.2.0/webrick/httpserver.rb:138:in `service'
  /Users/rpepato/.rvm/rubies/ruby-2.2.3/lib/ruby/2.2.0/webrick/httpserver.rb:94:in `run'
  /Users/rpepato/.rvm/rubies/ruby-2.2.3/lib/ruby/2.2.0/webrick/server.rb:294:in `block in start_thread'


I, [2016-04-11T19:16:17.767357 #12951]  INFO -- : Started GET "/movies" for ::1 at 2016-04-11 19:16:17 -0300
I, [2016-04-11T19:16:17.768670 #12951]  INFO -- : Processing by MoviesController#index as HTML
D, [2016-04-11T19:16:17.778195 #12951] DEBUG -- :   [1m[36mMovie Load (0.3ms)[0m  [1mSELECT "movies".* FROM "movies"[0m
I, [2016-04-11T19:16:17.779482 #12951]  INFO -- :   Rendered movies/index.html.erb within layouts/application (2.8ms)
I, [2016-04-11T19:16:17.779631 #12951]  INFO -- : Completed 500 Internal Server Error in 11ms (ActiveRecord: 0.3ms)
F, [2016-04-11T19:16:17.780941 #12951] FATAL -- : 
ActionView::Template::Error (SQLite3::SQLException: no such table: movies: SELECT "movies".* FROM "movies"):
    13:   </thead>
    14: 
    15:   <tbody>
    16:     <% @movies.each do |movie| %>
    17:       <tr>
    18:         <td><%= image_tag movie.picture.url(:thumb) %></td>
    19:         <td><%= movie.name %></td>
  app/views/movies/index.html.erb:16:in `_app_views_movies_index_html_erb___409448237161636776_70222930387700'


D, [2016-04-11T19:17:45.463564 #12999] DEBUG -- :   [1m[36m (1.4ms)[0m  [1mCREATE TABLE "schema_migrations" ("version" varchar NOT NULL) [0m
D, [2016-04-11T19:17:45.463867 #12999] DEBUG -- :   [1m[35m (0.1ms)[0m  select sqlite_version(*)
D, [2016-04-11T19:17:45.465568 #12999] DEBUG -- :   [1m[36m (1.3ms)[0m  [1mCREATE UNIQUE INDEX "unique_schema_migrations" ON "schema_migrations" ("version")[0m
D, [2016-04-11T19:17:45.466588 #12999] DEBUG -- :   [1m[35mActiveRecord::SchemaMigration Load (0.1ms)[0m  SELECT "schema_migrations".* FROM "schema_migrations"
I, [2016-04-11T19:17:45.474098 #12999]  INFO -- : Migrating to CreateMovies (20160406183923)
D, [2016-04-11T19:17:45.475236 #12999] DEBUG -- :   [1m[36m (0.1ms)[0m  [1mbegin transaction[0m
D, [2016-04-11T19:17:45.476965 #12999] DEBUG -- :   [1m[35m (0.5ms)[0m  CREATE TABLE "movies" ("id" INTEGER PRIMARY KEY AUTOINCREMENT NOT NULL, "name" varchar, "description" varchar, "image_url" varchar, "created_at" datetime NOT NULL, "updated_at" datetime NOT NULL) 
D, [2016-04-11T19:17:45.485345 #12999] DEBUG -- :   [1m[36mSQL (0.4ms)[0m  [1mINSERT INTO "schema_migrations" ("version") VALUES (?)[0m  [["version", "20160406183923"]]
D, [2016-04-11T19:17:45.486870 #12999] DEBUG -- :   [1m[35m (1.1ms)[0m  commit transaction
I, [2016-04-11T19:17:45.486939 #12999]  INFO -- : Migrating to CreateComments (20160406195214)
D, [2016-04-11T19:17:45.488032 #12999] DEBUG -- :   [1m[36m (0.1ms)[0m  [1mbegin transaction[0m
D, [2016-04-11T19:17:45.489406 #12999] DEBUG -- :   [1m[35m (0.4ms)[0m  CREATE TABLE "comments" ("id" INTEGER PRIMARY KEY AUTOINCREMENT NOT NULL, "author" varchar, "message" varchar, "movie_id" integer, "created_at" datetime NOT NULL, "updated_at" datetime NOT NULL) 
D, [2016-04-11T19:17:45.489900 #12999] DEBUG -- :   [1m[36m (0.1ms)[0m  [1mCREATE  INDEX "index_comments_on_movie_id" ON "comments" ("movie_id")[0m
D, [2016-04-11T19:17:45.490828 #12999] DEBUG -- :   [1m[35mSQL (0.1ms)[0m  INSERT INTO "schema_migrations" ("version") VALUES (?)  [["version", "20160406195214"]]
D, [2016-04-11T19:17:45.491968 #12999] DEBUG -- :   [1m[36m (0.9ms)[0m  [1mcommit transaction[0m
I, [2016-04-11T19:17:45.492031 #12999]  INFO -- : Migrating to CreateUsers (20160406224308)
D, [2016-04-11T19:17:45.492878 #12999] DEBUG -- :   [1m[35m (0.1ms)[0m  begin transaction
D, [2016-04-11T19:17:45.493877 #12999] DEBUG -- :   [1m[36m (0.4ms)[0m  [1mCREATE TABLE "users" ("id" INTEGER PRIMARY KEY AUTOINCREMENT NOT NULL, "provider" varchar, "uid" varchar, "name" varchar, "oauth_token" varchar, "oauth_expires_at" datetime, "created_at" datetime NOT NULL, "updated_at" datetime NOT NULL) [0m
D, [2016-04-11T19:17:45.494936 #12999] DEBUG -- :   [1m[35mSQL (0.1ms)[0m  INSERT INTO "schema_migrations" ("version") VALUES (?)  [["version", "20160406224308"]]
D, [2016-04-11T19:17:45.496086 #12999] DEBUG -- :   [1m[36m (1.0ms)[0m  [1mcommit transaction[0m
I, [2016-04-11T19:17:45.496149 #12999]  INFO -- : Migrating to RemoveImageFromMovies (20160409010142)
D, [2016-04-11T19:17:45.496951 #12999] DEBUG -- :   [1m[35m (0.1ms)[0m  begin transaction
D, [2016-04-11T19:17:45.498415 #12999] DEBUG -- :   [1m[36m (0.5ms)[0m  [1mCREATE TEMPORARY TABLE "amovies" ("id" INTEGER PRIMARY KEY AUTOINCREMENT NOT NULL, "name" varchar, "description" varchar, "image_url" varchar, "created_at" datetime NOT NULL, "updated_at" datetime NOT NULL) [0m
D, [2016-04-11T19:17:45.499022 #12999] DEBUG -- :   [1m[35m (0.1ms)[0m  SELECT * FROM "movies"
D, [2016-04-11T19:17:45.500156 #12999] DEBUG -- :   [1m[36m (1.0ms)[0m  [1mDROP TABLE "movies"[0m
D, [2016-04-11T19:17:45.500986 #12999] DEBUG -- :   [1m[35m (0.2ms)[0m  CREATE TABLE "movies" ("id" INTEGER PRIMARY KEY AUTOINCREMENT NOT NULL, "name" varchar, "description" varchar, "created_at" datetime NOT NULL, "updated_at" datetime NOT NULL) 
D, [2016-04-11T19:17:45.501535 #12999] DEBUG -- :   [1m[36m (0.1ms)[0m  [1mSELECT * FROM "amovies"[0m
D, [2016-04-11T19:17:45.502019 #12999] DEBUG -- :   [1m[35m (0.4ms)[0m  DROP TABLE "amovies"
D, [2016-04-11T19:17:45.502961 #12999] DEBUG -- :   [1m[36mSQL (0.1ms)[0m  [1mINSERT INTO "schema_migrations" ("version") VALUES (?)[0m  [["version", "20160409010142"]]
D, [2016-04-11T19:17:45.504346 #12999] DEBUG -- :   [1m[35m (1.2ms)[0m  commit transaction
I, [2016-04-11T19:17:45.504415 #12999]  INFO -- : Migrating to AddAttachmentPictureToMovies (20160409010253)
D, [2016-04-11T19:17:45.505366 #12999] DEBUG -- :   [1m[36m (0.1ms)[0m  [1mbegin transaction[0m
D, [2016-04-11T19:17:45.506112 #12999] DEBUG -- :   [1m[35m (0.4ms)[0m  ALTER TABLE "movies" ADD "picture_file_name" varchar
D, [2016-04-11T19:17:45.506498 #12999] DEBUG -- :   [1m[36m (0.2ms)[0m  [1mALTER TABLE "movies" ADD "picture_content_type" varchar[0m
D, [2016-04-11T19:17:45.506774 #12999] DEBUG -- :   [1m[35m (0.1ms)[0m  ALTER TABLE "movies" ADD "picture_file_size" integer
D, [2016-04-11T19:17:45.507071 #12999] DEBUG -- :   [1m[36m (0.1ms)[0m  [1mALTER TABLE "movies" ADD "picture_updated_at" datetime[0m
D, [2016-04-11T19:17:45.507968 #12999] DEBUG -- :   [1m[35mSQL (0.1ms)[0m  INSERT INTO "schema_migrations" ("version") VALUES (?)  [["version", "20160409010253"]]
D, [2016-04-11T19:17:45.509025 #12999] DEBUG -- :   [1m[36m (0.9ms)[0m  [1mcommit transaction[0m
D, [2016-04-11T19:17:58.486363 #13023] DEBUG -- :   [1m[36mActiveRecord::SchemaMigration Load (0.2ms)[0m  [1mSELECT "schema_migrations".* FROM "schema_migrations"[0m
